<?xml version="1.0" encoding="UTF-8"?>
<!-- Generated by org.testng.reporters.JUnitXMLReporter -->
<testsuite hostname="AKHILESG-IN" name="Default test" tests="3" failures="0" timestamp="12 Apr 2020 07:51:17 GMT" time="0.971" errors="0">
  <testcase name="doLoginTest" time="0.016" classname="DataProviderLoginDemo.TestLogin"/>
  <testcase name="doLoginTest" time="0.002" classname="DataProviderLoginDemo.TestLogin"/>
  <testcase name="doLoginTest" time="0.002" classname="DataProviderLoginDemo.TestLogin"/>
</testsuite> <!-- Default test -->
