<?xml version="1.0" encoding="UTF-8"?>
<testng-results skipped="0" failed="0" total="3" passed="3">
  <reporter-output>
  </reporter-output>
  <suite name="Default suite" duration-ms="971" started-at="2020-04-12T07:51:16Z" finished-at="2020-04-12T07:51:17Z">
    <groups>
    </groups>
    <test name="Default test" duration-ms="971" started-at="2020-04-12T07:51:16Z" finished-at="2020-04-12T07:51:17Z">
      <class name="DataProviderLoginDemo.TestLogin">
        <test-method status="PASS" signature="doLoginTest(java.lang.String, java.lang.String)[pri:0, instance:DataProviderLoginDemo.TestLogin@58651fd0]" name="doLoginTest" duration-ms="16" started-at="2020-04-12T13:21:17Z" data-provider="getData" finished-at="2020-04-12T13:21:17Z">
          <params>
            <param index="0">
              <value>
                <![CDATA[seleniumbesttrainer@gmail.com]]>
              </value>
            </param>
            <param index="1">
              <value>
                <![CDATA[itcm@12345]]>
              </value>
            </param>
          </params>
          <reporter-output>
          </reporter-output>
        </test-method> <!-- doLoginTest -->
        <test-method status="PASS" signature="closeBrowser()[pri:0, instance:DataProviderLoginDemo.TestLogin@58651fd0]" name="closeBrowser" is-config="true" duration-ms="1" started-at="2020-04-12T13:21:17Z" finished-at="2020-04-12T13:21:17Z">
          <reporter-output>
          </reporter-output>
        </test-method> <!-- closeBrowser -->
        <test-method status="PASS" signature="doLoginTest(java.lang.String, java.lang.String)[pri:0, instance:DataProviderLoginDemo.TestLogin@58651fd0]" name="doLoginTest" duration-ms="2" started-at="2020-04-12T13:21:17Z" data-provider="getData" finished-at="2020-04-12T13:21:17Z">
          <params>
            <param index="0">
              <value>
                <![CDATA[akhileshg50@gmail.com]]>
              </value>
            </param>
            <param index="1">
              <value>
                <![CDATA[12345]]>
              </value>
            </param>
          </params>
          <reporter-output>
          </reporter-output>
        </test-method> <!-- doLoginTest -->
        <test-method status="PASS" signature="doLoginTest(java.lang.String, java.lang.String)[pri:0, instance:DataProviderLoginDemo.TestLogin@58651fd0]" name="doLoginTest" duration-ms="2" started-at="2020-04-12T13:21:17Z" data-provider="getData" finished-at="2020-04-12T13:21:17Z">
          <params>
            <param index="0">
              <value>
                <![CDATA[akgil@gmail.com]]>
              </value>
            </param>
            <param index="1">
              <value>
                <![CDATA[324324]]>
              </value>
            </param>
          </params>
          <reporter-output>
          </reporter-output>
        </test-method> <!-- doLoginTest -->
        <test-method status="PASS" signature="closeBrowser()[pri:0, instance:DataProviderLoginDemo.TestLogin@58651fd0]" name="closeBrowser" is-config="true" duration-ms="0" started-at="2020-04-12T13:21:17Z" finished-at="2020-04-12T13:21:17Z">
          <reporter-output>
          </reporter-output>
        </test-method> <!-- closeBrowser -->
        <test-method status="PASS" signature="closeBrowser()[pri:0, instance:DataProviderLoginDemo.TestLogin@58651fd0]" name="closeBrowser" is-config="true" duration-ms="0" started-at="2020-04-12T13:21:17Z" finished-at="2020-04-12T13:21:17Z">
          <reporter-output>
          </reporter-output>
        </test-method> <!-- closeBrowser -->
      </class> <!-- DataProviderLoginDemo.TestLogin -->
    </test> <!-- Default test -->
  </suite> <!-- Default suite -->
</testng-results>
